<?xml version="1.0" encoding="UTF-8"?>
<testsuite name="fcmaes.temporal.core.SmartWorkerTest" tests="1" skipped="0" failures="0" errors="0" timestamp="2021-04-16T08:08:22" hostname="xxx-MS-7B77b" time="70.421">
  <properties/>
  <testcase name="testTransfer" classname="fcmaes.temporal.core.SmartWorkerTest" time="70.421"/>
  <system-out><![CDATA[10:08:22.884 [Test worker] INFO  i.t.s.WorkflowServiceStubsImpl - Created GRPC client for channel: ManagedChannelOrphanWrapper{delegate=ManagedChannelImpl{logId=2, target=directaddress:///be355c50-d570-4ae3-a14c-257520c2de32}}
10:08:22.887 [Test worker] INFO  i.t.s.WorkflowServiceStubsImpl - Created GRPC client for channel: ManagedChannelOrphanWrapper{delegate=ManagedChannelImpl{logId=5, target=directaddress:///2b40157f-3725-4537-8d26-328e07caa0b1}}
10:08:22.966 [Test worker] INFO  io.temporal.internal.worker.Poller - start(): Poller{options=PollerOptions{maximumPollRateIntervalMilliseconds=1000, maximumPollRatePerSecond=0.0, pollBackoffCoefficient=2.0, pollBackoffInitialInterval=PT0.1S, pollBackoffMaximumInterval=PT1M, pollThreadCount=2, pollThreadNamePrefix='Workflow Poller taskQueue="SmartOptimization", namespace="default"'}, identity=35149@xxx-MS-7B77b}
10:08:22.968 [Test worker] INFO  io.temporal.internal.worker.Poller - start(): Poller{options=PollerOptions{maximumPollRateIntervalMilliseconds=1000, maximumPollRatePerSecond=0.0, pollBackoffCoefficient=2.0, pollBackoffInitialInterval=PT0.1S, pollBackoffMaximumInterval=PT1M, pollThreadCount=1, pollThreadNamePrefix='Local Activity Poller taskQueue="SmartOptimization", namespace="default"'}, identity=35149@xxx-MS-7B77b}
10:08:22.970 [Test worker] INFO  io.temporal.internal.worker.Poller - start(): Poller{options=PollerOptions{maximumPollRateIntervalMilliseconds=1000, maximumPollRatePerSecond=0.0, pollBackoffCoefficient=2.0, pollBackoffInitialInterval=PT0.1S, pollBackoffMaximumInterval=PT1M, pollThreadCount=5, pollThreadNamePrefix='Activity Poller taskQueue="SmartOptimization", namespace="default"'}, identity=35149@xxx-MS-7B77b}
10:08:22.970 [Test worker] INFO  io.temporal.internal.worker.Poller - start(): Poller{options=PollerOptions{maximumPollRateIntervalMilliseconds=1000, maximumPollRatePerSecond=0.0, pollBackoffCoefficient=2.0, pollBackoffInitialInterval=PT0.1S, pollBackoffMaximumInterval=PT1M, pollThreadCount=5, pollThreadNamePrefix='Host Local Workflow Poller'}, identity=e0aa59b6-f9da-422a-8a87-e673b0af40f4}
Duration: 0
10:08:22.995 [Test worker] INFO  io.temporal.worker.WorkerFactory - shutdownNow
10:08:22.995 [Test worker] INFO  io.temporal.internal.worker.Poller - shutdownNow poller=Host Local Workflow Poller
10:08:22.999 [Host Local Workflow Poller: 5] INFO  io.temporal.internal.worker.Poller - poll loop done
10:08:22.999 [Host Local Workflow Poller: 2] INFO  io.temporal.internal.worker.Poller - poll loop done
10:08:22.999 [Host Local Workflow Poller: 3] INFO  io.temporal.internal.worker.Poller - poll loop done
10:08:22.999 [Host Local Workflow Poller: 1] INFO  io.temporal.internal.worker.Poller - poll loop done
10:08:23.998 [Test worker] INFO  io.temporal.internal.worker.Poller - shutdownNow poller=Activity Poller taskQueue="SmartOptimization", namespace="default"
10:08:23.998 [Test worker] INFO  io.temporal.internal.worker.Poller - shutdownNow poller=Local Activity Poller taskQueue="SmartOptimization", namespace="default"
10:08:23.999 [Test worker] INFO  io.temporal.internal.worker.Poller - shutdownNow poller=Workflow Poller taskQueue="SmartOptimization", namespace="default"
10:08:23.999 [Local Activity Poller taskQueue="SmartOptimization", namespace="default": 1] INFO  io.temporal.internal.worker.Poller - poll loop done
10:08:23.999 [Test worker] INFO  io.temporal.worker.WorkerFactory - awaitTermination begin
10:08:23.999 [Activity Poller taskQueue="SmartOptimization", namespace="default": 5] INFO  io.temporal.internal.worker.Poller - poll loop done
10:08:24.000 [Activity Poller taskQueue="SmartOptimization", namespace="default": 1] INFO  io.temporal.internal.worker.Poller - poll loop done
10:08:24.000 [Activity Poller taskQueue="SmartOptimization", namespace="default": 2] INFO  io.temporal.internal.worker.Poller - poll loop done
10:08:24.000 [Activity Poller taskQueue="SmartOptimization", namespace="default": 3] INFO  io.temporal.internal.worker.Poller - poll loop done
10:08:24.000 [Workflow Poller taskQueue="SmartOptimization", namespace="default": 1] INFO  io.temporal.internal.worker.Poller - poll loop done
10:08:24.000 [Workflow Poller taskQueue="SmartOptimization", namespace="default": 2] INFO  io.temporal.internal.worker.Poller - poll loop done
10:08:24.000 [Activity Poller taskQueue="SmartOptimization", namespace="default": 4] INFO  io.temporal.internal.worker.Poller - poll loop done
10:08:34.000 [Test worker] INFO  io.temporal.worker.WorkerFactory - awaitTermination done
10:08:34.002 [Test worker] INFO  i.t.s.WorkflowServiceStubsImpl - shutdownNow
10:09:32.976 [Host Local Workflow Poller: 4] INFO  io.temporal.internal.worker.Poller - poll loop done
]]></system-out>
  <system-err><![CDATA[]]></system-err>
</testsuite>
